#
# A fatal error has been detected by the Java Runtime Environment:
#
#  SIGSEGV (0xb) at pc=0x00007f0a00b69fc0, pid=30006, tid=139680639002368
#
# JRE version: OpenJDK Runtime Environment (7.0_95) (build 1.7.0_95-b00)
# Java VM: OpenJDK 64-Bit Server VM (24.95-b01 mixed mode linux-amd64 compressed oops)
# Derivative: IcedTea 2.6.4
# Distribution: Ubuntu 14.04.3 LTS, package 7u95-2.6.4-0ubuntu0.14.04.1
# Problematic frame:
# V  [libjvm.so+0x644fc0]
#
# Failed to write core dump. Core dumps have been disabled. To enable core dumping, try "ulimit -c unlimited" before starting Java again
#
# If you would like to submit a bug report, please include
# instructions on how to reproduce the bug and visit:
#   http://icedtea.classpath.org/bugzilla
#

---------------  T H R E A D  ---------------

Current thread (0x00007f09f80be000):  JavaThread "JDWP Transport Listener: dt_socket" daemon [_thread_in_vm, id=30027, stack(0x00007f09eecea000,0x00007f09eedeb000)]

siginfo:si_signo=SIGSEGV: si_errno=0, si_code=1 (SEGV_MAPERR), si_addr=0x0000000000000030

Registers:
RAX=0x0000000000000063, RBX=0x00007f09f80039a0, RCX=0x00007f0a01767320, RDX=0x0000000000000001
RSP=0x00007f09eede99d0, RBP=0x00007f09eede9a30, RSI=0x00007f09f80be000, RDI=0x00007f09f80039a0
R8 =0x0000000000000000, R9 =0x00007f09ac007b70, R10=0x00007f09ac012641, R11=0x00007f0a01ae8760
R12=0x0000000000000030, R13=0x00007f09eede9a97, R14=0x00007f09f80be000, R15=0x00007f09eede99e0
RIP=0x00007f0a00b69fc0, EFLAGS=0x0000000000010206, CSGSFS=0x0000000000000033, ERR=0x0000000000000004
  TRAPNO=0x000000000000000e

Top of Stack: (sp=0x00007f09eede99d0)
0x00007f09eede99d0:   00007f0a0131a9ac 00007f0a00bb74b6
0x00007f09eede99e0:   00007f09f80be000 0000000000000000
0x00007f09eede99f0:   00007f0900000000 0000000000000000
0x00007f09eede9a00:   00007f09eede9b80 00007f09eede9a97
0x00007f09eede9a10:   00007f09ff6bcf00 0000000000000030
0x00007f09eede9a20:   00007f09eede9a97 00007f09eede9a9c
0x00007f09eede9a30:   00007f09eede9a60 00007f09ff4a8ab9
0x00007f09eede9a40:   00007f09eede9a60 0000000000000004
0x00007f09eede9a50:   00007f09eede9b80 0000000000000030
0x00007f09eede9a60:   00007f09eede9af0 00007f09ff4895f8
0x00007f09eede9a70:   00007f09eede9ab0 00007f09eede9ab0
0x00007f09eede9a80:   00007f09eede9ab8 00000001ff48e4d9
0x00007f09eede9a90:   00007f09eede9b50 0000000a00000005
0x00007f09eede9aa0:   00007f09ac0076a0 0000000000000000
0x00007f09eede9ab0:   0000000000000000 0000000000000000
0x00007f09eede9ac0:   00007f09eede9b50 00000000000f0200
0x00007f09eede9ad0:   00007f09eede9b50 0000000000000002
0x00007f09eede9ae0:   00007f09eede9b80 00007f09ff6bcf00
0x00007f09eede9af0:   00007f09eede9d40 00007f09ff493698
0x00007f09eede9b00:   0000672d00000013 00007f09ac0f0200
0x00007f09eede9b10:   00007f09a4000fb0 00007f0a00b1ee1c
0x00007f09eede9b20:   00007f09f80c0290 00007f09a400080f
0x00007f09eede9b30:   0000672d00000013 00007f09ac0f0200
0x00007f09eede9b40:   00007f09a4000fb0 00007f09f80b54f8
0x00007f09eede9b50:   00007f09a4000fb8 000000000000000b
0x00007f09eede9b60:   0000672d00000013 00007f09ac0f0200
0x00007f09eede9b70:   00007f09a4000fb0 00007f09ac009490
0x00007f09eede9b80:   00007f09ac0081fd 00000000000001cb
0x00007f09eede9b90:   00007f09ac01e700 00007f090000012c
0x00007f09eede9ba0:   00007f09eede9bd0 00007f09ac01e700
0x00007f09eede9bb0:   00007f0000000000 0000672d0000001c
0x00007f09eede9bc0:   00007f0900009c80 00007f09eede9bd0 

Instructions: (pc=0x00007f0a00b69fc0)
0x00007f0a00b69fa0:   48 c1 e8 04 23 02 48 8d 15 b3 bf 7a 00 48 03 02
0x00007f0a00b69fb0:   c7 00 01 00 00 00 e9 a6 fe ff ff 4d 85 e4 74 3b
0x00007f0a00b69fc0:   4d 8b 24 24 48 b8 fe fe fe fe fe fe fe fe 49 39
0x00007f0a00b69fd0:   c4 74 28 4d 85 e4 74 23 48 8d 05 f4 66 7a 00 80 

Register to memory mapping:

RAX=0x0000000000000063 is an unknown value
RBX=0x00007f09f80039a0 is an unknown value
RCX=0x00007f0a01767320: <offset 0x219320> in /lib/x86_64-linux-gnu/libpthread.so.0 at 0x00007f0a0154e000
RDX=0x0000000000000001 is an unknown value
RSP=0x00007f09eede99d0 is pointing into the stack for thread: 0x00007f09f80be000
RBP=0x00007f09eede9a30 is pointing into the stack for thread: 0x00007f09f80be000
RSI=0x00007f09f80be000 is a thread
RDI=0x00007f09f80039a0 is an unknown value
R8 =0x0000000000000000 is an unknown value
R9 =0x00007f09ac007b70 is an unknown value
R10=0x00007f09ac012641 is an unknown value
R11=0x00007f0a01ae8760: <offset 0x178760> in /lib/x86_64-linux-gnu/libc.so.6 at 0x00007f0a01970000
R12=0x0000000000000030 is an unknown value
R13=0x00007f09eede9a97 is pointing into the stack for thread: 0x00007f09f80be000
R14=0x00007f09f80be000 is a thread
R15=0x00007f09eede99e0 is pointing into the stack for thread: 0x00007f09f80be000


Stack: [0x00007f09eecea000,0x00007f09eedeb000],  sp=0x00007f09eede99d0,  free space=1022k
Native frames: (J=compiled Java code, j=interpreted, Vv=VM code, C=native code)
V  [libjvm.so+0x644fc0]
C  [libjdwp.so+0x26ab9]
C  [libjdwp.so+0x75f8]
C  [libjdwp.so+0x11698]
C  [libjdwp.so+0x23795]
V  [libjvm.so+0x6b14eb]
V  [libjvm.so+0x907e50]
V  [libjvm.so+0x9080c1]
V  [libjvm.so+0x7cc682]


---------------  P R O C E S S  ---------------

Java Threads: ( => current thread )
  0x00007f09f80c9000 JavaThread "Service Thread" daemon [_thread_blocked, id=30036, stack(0x00007f09ee7e5000,0x00007f09ee8e6000)]
  0x00007f09f80c7000 JavaThread "C2 CompilerThread1" daemon [_thread_blocked, id=30035, stack(0x00007f09ee8e6000,0x00007f09ee9e7000)]
  0x00007f09f80c4000 JavaThread "C2 CompilerThread0" daemon [_thread_blocked, id=30034, stack(0x00007f09ee9e7000,0x00007f09eeae8000)]
  0x00007f09ac001000 JavaThread "JDWP Command Reader" daemon [_thread_in_native, id=30031, stack(0x00007f09eeae8000,0x00007f09eebe9000)]
  0x00007f09f80c1800 JavaThread "JDWP Event Helper Thread" daemon [_thread_blocked, id=30029, stack(0x00007f09eebe9000,0x00007f09eecea000)]
=>0x00007f09f80be000 JavaThread "JDWP Transport Listener: dt_socket" daemon [_thread_in_vm, id=30027, stack(0x00007f09eecea000,0x00007f09eedeb000)]
  0x00007f09f80b1000 JavaThread "Signal Dispatcher" daemon [_thread_blocked, id=30025, stack(0x00007f09eeff0000,0x00007f09ef0f1000)]
  0x00007f09f8087000 JavaThread "Finalizer" daemon [_thread_blocked, id=30023, stack(0x00007f09ef0f1000,0x00007f09ef1f2000)]
  0x00007f09f8085000 JavaThread "Reference Handler" daemon [_thread_blocked, id=30022, stack(0x00007f09ef1f2000,0x00007f09ef2f3000)]
  0x00007f09f800c800 JavaThread "main" [_thread_in_native, id=30012, stack(0x00007f0a0203a000,0x00007f0a0213b000)]

Other Threads:
  0x00007f09f8080800 VMThread [stack: 0x00007f09ef2f3000,0x00007f09ef3f4000] [id=30021]
  0x00007f09f80d4000 WatcherThread [stack: 0x00007f09ee6e4000,0x00007f09ee7e5000] [id=30037]

VM state:not at safepoint (normal execution)

VM Mutex/Monitor currently owned by a thread: None

Heap
 PSYoungGen      total 74752K, used 3870K [0x00000007ad100000, 0x00000007b2400000, 0x0000000800000000)
  eden space 64512K, 6% used [0x00000007ad100000,0x00000007ad4c7be0,0x00000007b1000000)
  from space 10240K, 0% used [0x00000007b1a00000,0x00000007b1a00000,0x00000007b2400000)
  to   space 10240K, 0% used [0x00000007b1000000,0x00000007b1000000,0x00000007b1a00000)
 ParOldGen       total 169472K, used 0K [0x0000000707400000, 0x0000000711980000, 0x00000007ad100000)
  object space 169472K, 0% used [0x0000000707400000,0x0000000707400000,0x0000000711980000)
 PSPermGen       total 21504K, used 5128K [0x00000006fce00000, 0x00000006fe300000, 0x0000000707400000)
  object space 21504K, 23% used [0x00000006fce00000,0x00000006fd3021d8,0x00000006fe300000)

Card table byte_map: [0x00007f09fd93d000,0x00007f09fe157000] byte_map_base: 0x00007f09fa156000

Polling page: 0x00007f0a02162000

Code Cache  [0x00007f09f5000000, 0x00007f09f5270000, 0x00007f09f8000000)
 total_blobs=184 nmethods=1 adapters=145 free_code_cache=48766Kb largest_free_block=49917824

Compilation events (2 events):
Event: 0.167 Thread 0x00007f09f80c4000    1             java.lang.String::indexOf (70 bytes)
Event: 0.171 Thread 0x00007f09f80c4000 nmethod 1 0x00007f09f505f990 code [0x00007f09f505fae0, 0x00007f09f505fcd8]

GC Heap History (0 events):
No events

Deoptimization events (0 events):
No events

Internal exceptions (10 events):
Event: 0.132 Thread 0x00007f09f800c800 Threw 0x00000007ad14a9c8 at /build/openjdk-7-2FOwCu/openjdk-7-7u95-2.6.4/build/openjdk/hotspot/src/share/vm/prims/jni.cpp:721
Event: 0.132 Thread 0x00007f09f800c800 Threw 0x00000007ad14ab48 at /build/openjdk-7-2FOwCu/openjdk-7-7u95-2.6.4/build/openjdk/hotspot/src/share/vm/prims/jvm.cpp:1322
Event: 0.132 Thread 0x00007f09f800c800 Threw 0x00000007ad14ac70 at /build/openjdk-7-2FOwCu/openjdk-7-7u95-2.6.4/build/openjdk/hotspot/src/share/vm/prims/jvm.cpp:1322
Event: 0.132 Thread 0x00007f09f800c800 Threw 0x00000007ad14bd58 at /build/openjdk-7-2FOwCu/openjdk-7-7u95-2.6.4/build/openjdk/hotspot/src/share/vm/prims/jvm.cpp:1322
Event: 0.162 Thread 0x00007f09f800c800 Threw 0x00000007ad16ef70 at /build/openjdk-7-2FOwCu/openjdk-7-7u95-2.6.4/build/openjdk/hotspot/src/share/vm/prims/jvm.cpp:1322
Event: 0.162 Thread 0x00007f09f800c800 Threw 0x00000007ad16f098 at /build/openjdk-7-2FOwCu/openjdk-7-7u95-2.6.4/build/openjdk/hotspot/src/share/vm/prims/jvm.cpp:1322
Event: 0.162 Thread 0x00007f09f800c800 Threw 0x00000007ad171648 at /build/openjdk-7-2FOwCu/openjdk-7-7u95-2.6.4/build/openjdk/hotspot/src/share/vm/prims/jvm.cpp:1322
Event: 0.162 Thread 0x00007f09f800c800 Threw 0x00000007ad171770 at /build/openjdk-7-2FOwCu/openjdk-7-7u95-2.6.4/build/openjdk/hotspot/src/share/vm/prims/jvm.cpp:1322
Event: 0.162 Thread 0x00007f09f800c800 Threw 0x00000007ad172070 at /build/openjdk-7-2FOwCu/openjdk-7-7u95-2.6.4/build/openjdk/hotspot/src/share/vm/prims/jvm.cpp:1322
Event: 0.162 Thread 0x00007f09f800c800 Threw 0x00000007ad172198 at /build/openjdk-7-2FOwCu/openjdk-7-7u95-2.6.4/build/openjdk/hotspot/src/share/vm/prims/jvm.cpp:1322

Events (10 events):
Event: 70960.982 Executing VM operation: ChangeBreakpoints
Event: 70960.983 Executing VM operation: ChangeBreakpoints done
Event: 70960.988 Executing VM operation: ChangeBreakpoints
Event: 70960.988 Executing VM operation: ChangeBreakpoints done
Event: 70960.994 Executing VM operation: ChangeBreakpoints
Event: 70960.994 Executing VM operation: ChangeBreakpoints done
Event: 70960.995 Executing VM operation: ChangeBreakpoints
Event: 70960.995 Executing VM operation: ChangeBreakpoints done
Event: 70966.953 Executing VM operation: RedefineClasses
Event: 70966.953 Executing VM operation: RedefineClasses done


Dynamic libraries:
00400000-00401000 r-xp 00000000 08:06 11667983                           /usr/lib/jvm/java-7-openjdk-amd64/jre/bin/java
00600000-00601000 r--p 00000000 08:06 11667983                           /usr/lib/jvm/java-7-openjdk-amd64/jre/bin/java
00601000-00602000 rw-p 00001000 08:06 11667983                           /usr/lib/jvm/java-7-openjdk-amd64/jre/bin/java
01e36000-01e57000 rw-p 00000000 00:00 0                                  [heap]
6fce00000-6fe300000 rw-p 00000000 00:00 0 
6fe300000-707400000 rw-p 00000000 00:00 0 
707400000-711980000 rw-p 00000000 00:00 0 
711980000-7ad100000 rw-p 00000000 00:00 0 
7ad100000-7b2400000 rw-p 00000000 00:00 0 
7b2400000-800000000 rw-p 00000000 00:00 0 
7f0990000000-7f0990021000 rw-p 00000000 00:00 0 
7f0990021000-7f0994000000 ---p 00000000 00:00 0 
7f0994000000-7f0994021000 rw-p 00000000 00:00 0 
7f0994021000-7f0998000000 ---p 00000000 00:00 0 
7f0998000000-7f099807e000 rw-p 00000000 00:00 0 
7f099807e000-7f099c000000 ---p 00000000 00:00 0 
7f099c000000-7f099c021000 rw-p 00000000 00:00 0 
7f099c021000-7f09a0000000 ---p 00000000 00:00 0 
7f09a0000000-7f09a0021000 rw-p 00000000 00:00 0 
7f09a0021000-7f09a4000000 ---p 00000000 00:00 0 
7f09a4000000-7f09a4021000 rw-p 00000000 00:00 0 
7f09a4021000-7f09a8000000 ---p 00000000 00:00 0 
7f09a8000000-7f09a8021000 rw-p 00000000 00:00 0 
7f09a8021000-7f09ac000000 ---p 00000000 00:00 0 
7f09ac000000-7f09ac02d000 rw-p 00000000 00:00 0 
7f09ac02d000-7f09b0000000 ---p 00000000 00:00 0 
7f09b0000000-7f09b0021000 rw-p 00000000 00:00 0 
7f09b0021000-7f09b4000000 ---p 00000000 00:00 0 
7f09b4000000-7f09b4021000 rw-p 00000000 00:00 0 
7f09b4021000-7f09b8000000 ---p 00000000 00:00 0 
7f09b8000000-7f09b8021000 rw-p 00000000 00:00 0 
7f09b8021000-7f09bc000000 ---p 00000000 00:00 0 
7f09bfe70000-7f09c8000000 rw-p 00000000 00:00 0 
7f09c8000000-7f09c8021000 rw-p 00000000 00:00 0 
7f09c8021000-7f09cc000000 ---p 00000000 00:00 0 
7f09d0000000-7f09d0021000 rw-p 00000000 00:00 0 
7f09d0021000-7f09d4000000 ---p 00000000 00:00 0 
7f09d4000000-7f09d4021000 rw-p 00000000 00:00 0 
7f09d4021000-7f09d8000000 ---p 00000000 00:00 0 
7f09d8000000-7f09d8021000 rw-p 00000000 00:00 0 
7f09d8021000-7f09dc000000 ---p 00000000 00:00 0 
7f09e0000000-7f09e0021000 rw-p 00000000 00:00 0 
7f09e0021000-7f09e4000000 ---p 00000000 00:00 0 
7f09e4000000-7f09e4021000 rw-p 00000000 00:00 0 
7f09e4021000-7f09e8000000 ---p 00000000 00:00 0 
7f09e8000000-7f09e8021000 rw-p 00000000 00:00 0 
7f09e8021000-7f09ec000000 ---p 00000000 00:00 0 
7f09ee6e4000-7f09ee6e5000 ---p 00000000 00:00 0 
7f09ee6e5000-7f09ee7e5000 rw-p 00000000 00:00 0                          [stack:30037]
7f09ee7e5000-7f09ee7e8000 ---p 00000000 00:00 0 
7f09ee7e8000-7f09ee8e6000 rw-p 00000000 00:00 0                          [stack:30036]
7f09ee8e6000-7f09ee8e9000 ---p 00000000 00:00 0 
7f09ee8e9000-7f09ee9e7000 rw-p 00000000 00:00 0                          [stack:30035]
7f09ee9e7000-7f09ee9ea000 ---p 00000000 00:00 0 
7f09ee9ea000-7f09eeae8000 rw-p 00000000 00:00 0                          [stack:30034]
7f09eeae8000-7f09eeaeb000 ---p 00000000 00:00 0 
7f09eeaeb000-7f09eebe9000 rw-p 00000000 00:00 0                          [stack:30031]
7f09eebe9000-7f09eebec000 ---p 00000000 00:00 0 
7f09eebec000-7f09eecea000 rw-p 00000000 00:00 0                          [stack:30029]
7f09eecea000-7f09eeced000 ---p 00000000 00:00 0 
7f09eeced000-7f09eedeb000 rw-p 00000000 00:00 0                          [stack:30027]
7f09eedeb000-7f09eedef000 r-xp 00000000 08:06 11673328                   /usr/lib/jvm/java-7-openjdk-amd64/jre/lib/amd64/libdt_socket.so
7f09eedef000-7f09eefee000 ---p 00004000 08:06 11673328                   /usr/lib/jvm/java-7-openjdk-amd64/jre/lib/amd64/libdt_socket.so
7f09eefee000-7f09eefef000 r--p 00003000 08:06 11673328                   /usr/lib/jvm/java-7-openjdk-amd64/jre/lib/amd64/libdt_socket.so
7f09eefef000-7f09eeff0000 rw-p 00004000 08:06 11673328                   /usr/lib/jvm/java-7-openjdk-amd64/jre/lib/amd64/libdt_socket.so
7f09eeff0000-7f09eeff3000 ---p 00000000 00:00 0 
7f09eeff3000-7f09ef0f1000 rw-p 00000000 00:00 0                          [stack:30025]
7f09ef0f1000-7f09ef0f4000 ---p 00000000 00:00 0 
7f09ef0f4000-7f09ef1f2000 rw-p 00000000 00:00 0                          [stack:30023]
7f09ef1f2000-7f09ef1f5000 ---p 00000000 00:00 0 
7f09ef1f5000-7f09ef2f3000 rw-p 00000000 00:00 0                          [stack:30022]
7f09ef2f3000-7f09ef2f4000 ---p 00000000 00:00 0 
7f09ef2f4000-7f09f0000000 rw-p 00000000 00:00 0                          [stack:30021]
7f09f0000000-7f09f0021000 rw-p 00000000 00:00 0 
7f09f0021000-7f09f4000000 ---p 00000000 00:00 0 
7f09f400a000-7f09f5000000 rw-p 00000000 00:00 0 
7f09f5000000-7f09f5270000 rwxp 00000000 00:00 0 
7f09f5270000-7f09f8156000 rw-p 00000000 00:00 0 
7f09f8156000-7f09fc000000 ---p 00000000 00:00 0 
7f09fc013000-7f09fc09e000 rw-p 00000000 00:00 0 
7f09fc09e000-7f09fc250000 r--s 01d2f000 08:06 11672916                   /usr/lib/jvm/java-7-openjdk-amd64/jre/lib/rt.jar
7f09fc250000-7f09fcbb3000 rw-p 00000000 00:00 0 
7f09fcbb3000-7f09fcbb4000 ---p 00000000 00:00 0 
7f09fcbb4000-7f09fccb4000 rw-p 00000000 00:00 0                          [stack:30020]
7f09fccb4000-7f09fccb5000 ---p 00000000 00:00 0 
7f09fccb5000-7f09fcdb5000 rw-p 00000000 00:00 0                          [stack:30019]
7f09fcdb5000-7f09fcdb6000 ---p 00000000 00:00 0 
7f09fcdb6000-7f09fceb6000 rw-p 00000000 00:00 0                          [stack:30018]
7f09fceb6000-7f09fceb7000 ---p 00000000 00:00 0 
7f09fceb7000-7f09fcfb7000 rw-p 00000000 00:00 0                          [stack:30017]
7f09fcfb7000-7f09fcfb8000 ---p 00000000 00:00 0 
7f09fcfb8000-7f09fd0b8000 rw-p 00000000 00:00 0                          [stack:30016]
7f09fd0b8000-7f09fd0b9000 ---p 00000000 00:00 0 
7f09fd0b9000-7f09fd1b9000 rw-p 00000000 00:00 0                          [stack:30015]
7f09fd1b9000-7f09fd1ba000 ---p 00000000 00:00 0 
7f09fd1ba000-7f09fd2ba000 rw-p 00000000 00:00 0                          [stack:30014]
7f09fd2ba000-7f09fd2bb000 ---p 00000000 00:00 0 
7f09fd2bb000-7f09fd3c6000 rw-p 00000000 00:00 0                          [stack:30013]
7f09fd3c6000-7f09fd40e000 rw-p 00000000 00:00 0 
7f09fd40e000-7f09fd461000 rw-p 00000000 00:00 0 
7f09fd461000-7f09fd93d000 rw-p 00000000 00:00 0 
7f09fd93d000-7f09fd948000 rw-p 00000000 00:00 0 
7f09fd948000-7f09fd990000 rw-p 00000000 00:00 0 
7f09fd990000-7f09fd9e3000 rw-p 00000000 00:00 0 
7f09fd9e3000-7f09fdebe000 rw-p 00000000 00:00 0 
7f09fdebe000-7f09fdee8000 rw-p 00000000 00:00 0 
7f09fdee8000-7f09fe156000 rw-p 00000000 00:00 0 
7f09fe156000-7f09fe157000 rw-p 00000000 00:00 0 
7f09fe157000-7f09fe15f000 r-xp 00000000 08:06 11673303                   /usr/lib/jvm/java-7-openjdk-amd64/jre/lib/amd64/libzip.so
7f09fe15f000-7f09fe35e000 ---p 00008000 08:06 11673303                   /usr/lib/jvm/java-7-openjdk-amd64/jre/lib/amd64/libzip.so
7f09fe35e000-7f09fe35f000 r--p 00007000 08:06 11673303                   /usr/lib/jvm/java-7-openjdk-amd64/jre/lib/amd64/libzip.so
7f09fe35f000-7f09fe360000 rw-p 00008000 08:06 11673303                   /usr/lib/jvm/java-7-openjdk-amd64/jre/lib/amd64/libzip.so
7f09fe360000-7f09fe36b000 r-xp 00000000 08:06 15209412                   /lib/x86_64-linux-gnu/libnss_files-2.19.so
7f09fe36b000-7f09fe56a000 ---p 0000b000 08:06 15209412                   /lib/x86_64-linux-gnu/libnss_files-2.19.so
7f09fe56a000-7f09fe56b000 r--p 0000a000 08:06 15209412                   /lib/x86_64-linux-gnu/libnss_files-2.19.so
7f09fe56b000-7f09fe56c000 rw-p 0000b000 08:06 15209412                   /lib/x86_64-linux-gnu/libnss_files-2.19.so
7f09fe56c000-7f09fe577000 r-xp 00000000 08:06 15209404                   /lib/x86_64-linux-gnu/libnss_nis-2.19.so
7f09fe577000-7f09fe776000 ---p 0000b000 08:06 15209404                   /lib/x86_64-linux-gnu/libnss_nis-2.19.so
7f09fe776000-7f09fe777000 r--p 0000a000 08:06 15209404                   /lib/x86_64-linux-gnu/libnss_nis-2.19.so
7f09fe777000-7f09fe778000 rw-p 0000b000 08:06 15209404                   /lib/x86_64-linux-gnu/libnss_nis-2.19.so
7f09fe778000-7f09fe78f000 r-xp 00000000 08:06 15209400                   /lib/x86_64-linux-gnu/libnsl-2.19.so
7f09fe78f000-7f09fe98e000 ---p 00017000 08:06 15209400                   /lib/x86_64-linux-gnu/libnsl-2.19.so
7f09fe98e000-7f09fe98f000 r--p 00016000 08:06 15209400                   /lib/x86_64-linux-gnu/libnsl-2.19.so
7f09fe98f000-7f09fe990000 rw-p 00017000 08:06 15209400                   /lib/x86_64-linux-gnu/libnsl-2.19.so
7f09fe990000-7f09fe992000 rw-p 00000000 00:00 0 
7f09fe992000-7f09fe99b000 r-xp 00000000 08:06 15209399                   /lib/x86_64-linux-gnu/libnss_compat-2.19.so
7f09fe99b000-7f09feb9a000 ---p 00009000 08:06 15209399                   /lib/x86_64-linux-gnu/libnss_compat-2.19.so
7f09feb9a000-7f09feb9b000 r--p 00008000 08:06 15209399                   /lib/x86_64-linux-gnu/libnss_compat-2.19.so
7f09feb9b000-7f09feb9c000 rw-p 00009000 08:06 15209399                   /lib/x86_64-linux-gnu/libnss_compat-2.19.so
7f09feb9c000-7f09ff27e000 r--p 00000000 08:06 11672124                   /usr/lib/locale/locale-archive
7f09ff27e000-7f09ff280000 r-xp 00000000 08:06 11673475                   /usr/lib/jvm/java-7-openjdk-amd64/jre/lib/amd64/libnpt.so
7f09ff280000-7f09ff480000 ---p 00002000 08:06 11673475                   /usr/lib/jvm/java-7-openjdk-amd64/jre/lib/amd64/libnpt.so
7f09ff480000-7f09ff481000 r--p 00002000 08:06 11673475                   /usr/lib/jvm/java-7-openjdk-amd64/jre/lib/amd64/libnpt.so
7f09ff481000-7f09ff482000 rw-p 00003000 08:06 11673475                   /usr/lib/jvm/java-7-openjdk-amd64/jre/lib/amd64/libnpt.so
7f09ff482000-7f09ff4bc000 r-xp 00000000 08:06 11675364                   /usr/lib/jvm/java-7-openjdk-amd64/jre/lib/amd64/libjdwp.so
7f09ff4bc000-7f09ff6bb000 ---p 0003a000 08:06 11675364                   /usr/lib/jvm/java-7-openjdk-amd64/jre/lib/amd64/libjdwp.so
7f09ff6bb000-7f09ff6bc000 r--p 00039000 08:06 11675364                   /usr/lib/jvm/java-7-openjdk-amd64/jre/lib/amd64/libjdwp.so
7f09ff6bc000-7f09ff6bd000 rw-p 0003a000 08:06 11675364                   /usr/lib/jvm/java-7-openjdk-amd64/jre/lib/amd64/libjdwp.so
7f09ff6bd000-7f09ff6e8000 r-xp 00000000 08:06 11675929                   /usr/lib/jvm/java-7-openjdk-amd64/jre/lib/amd64/libjava.so
7f09ff6e8000-7f09ff8e8000 ---p 0002b000 08:06 11675929                   /usr/lib/jvm/java-7-openjdk-amd64/jre/lib/amd64/libjava.so
7f09ff8e8000-7f09ff8e9000 r--p 0002b000 08:06 11675929                   /usr/lib/jvm/java-7-openjdk-amd64/jre/lib/amd64/libjava.so
7f09ff8e9000-7f09ff8eb000 rw-p 0002c000 08:06 11675929                   /usr/lib/jvm/java-7-openjdk-amd64/jre/lib/amd64/libjava.so
7f09ff8eb000-7f09ff8fb000 r-xp 00000000 08:06 11673426                   /usr/lib/jvm/java-7-openjdk-amd64/jre/lib/amd64/libverify.so
7f09ff8fb000-7f09ffafa000 ---p 00010000 08:06 11673426                   /usr/lib/jvm/java-7-openjdk-amd64/jre/lib/amd64/libverify.so
7f09ffafa000-7f09ffafc000 r--p 0000f000 08:06 11673426                   /usr/lib/jvm/java-7-openjdk-amd64/jre/lib/amd64/libverify.so
7f09ffafc000-7f09ffafd000 rw-p 00011000 08:06 11673426                   /usr/lib/jvm/java-7-openjdk-amd64/jre/lib/amd64/libverify.so
7f09ffafd000-7f09ffb04000 r-xp 00000000 08:06 15209408                   /lib/x86_64-linux-gnu/librt-2.19.so
7f09ffb04000-7f09ffd03000 ---p 00007000 08:06 15209408                   /lib/x86_64-linux-gnu/librt-2.19.so
7f09ffd03000-7f09ffd04000 r--p 00006000 08:06 15209408                   /lib/x86_64-linux-gnu/librt-2.19.so
7f09ffd04000-7f09ffd05000 rw-p 00007000 08:06 15209408                   /lib/x86_64-linux-gnu/librt-2.19.so
7f09ffd05000-7f09ffd1b000 r-xp 00000000 08:06 15210264                   /lib/x86_64-linux-gnu/libgcc_s.so.1
7f09ffd1b000-7f09fff1a000 ---p 00016000 08:06 15210264                   /lib/x86_64-linux-gnu/libgcc_s.so.1
7f09fff1a000-7f09fff1b000 rw-p 00015000 08:06 15210264                   /lib/x86_64-linux-gnu/libgcc_s.so.1
7f09fff1b000-7f0a00020000 r-xp 00000000 08:06 15208565                   /lib/x86_64-linux-gnu/libm-2.19.so
7f0a00020000-7f0a0021f000 ---p 00105000 08:06 15208565                   /lib/x86_64-linux-gnu/libm-2.19.so
7f0a0021f000-7f0a00220000 r--p 00104000 08:06 15208565                   /lib/x86_64-linux-gnu/libm-2.19.so
7f0a00220000-7f0a00221000 rw-p 00105000 08:06 15208565                   /lib/x86_64-linux-gnu/libm-2.19.so
7f0a00221000-7f0a00307000 r-xp 00000000 08:06 11665771                   /usr/lib/x86_64-linux-gnu/libstdc++.so.6.0.19
7f0a00307000-7f0a00506000 ---p 000e6000 08:06 11665771                   /usr/lib/x86_64-linux-gnu/libstdc++.so.6.0.19
7f0a00506000-7f0a0050e000 r--p 000e5000 08:06 11665771                   /usr/lib/x86_64-linux-gnu/libstdc++.so.6.0.19
7f0a0050e000-7f0a00510000 rw-p 000ed000 08:06 11665771                   /usr/lib/x86_64-linux-gnu/libstdc++.so.6.0.19
7f0a00510000-7f0a00525000 rw-p 00000000 00:00 0 
7f0a00525000-7f0a0104a000 r-xp 00000000 08:06 11673326                   /usr/lib/jvm/java-7-openjdk-amd64/jre/lib/amd64/server/libjvm.so
7f0a0104a000-7f0a0124a000 ---p 00b25000 08:06 11673326                   /usr/lib/jvm/java-7-openjdk-amd64/jre/lib/amd64/server/libjvm.so
7f0a0124a000-7f0a012e4000 r--p 00b25000 08:06 11673326                   /usr/lib/jvm/java-7-openjdk-amd64/jre/lib/amd64/server/libjvm.so
7f0a012e4000-7f0a01307000 rw-p 00bbf000 08:06 11673326                   /usr/lib/jvm/java-7-openjdk-amd64/jre/lib/amd64/server/libjvm.so
7f0a01307000-7f0a01335000 rw-p 00000000 00:00 0 
7f0a01335000-7f0a0134d000 r-xp 00000000 08:06 15208699                   /lib/x86_64-linux-gnu/libz.so.1.2.8
7f0a0134d000-7f0a0154c000 ---p 00018000 08:06 15208699                   /lib/x86_64-linux-gnu/libz.so.1.2.8
7f0a0154c000-7f0a0154d000 r--p 00017000 08:06 15208699                   /lib/x86_64-linux-gnu/libz.so.1.2.8
7f0a0154d000-7f0a0154e000 rw-p 00018000 08:06 15208699                   /lib/x86_64-linux-gnu/libz.so.1.2.8
7f0a0154e000-7f0a01567000 r-xp 00000000 08:06 15209401                   /lib/x86_64-linux-gnu/libpthread-2.19.so
7f0a01567000-7f0a01766000 ---p 00019000 08:06 15209401                   /lib/x86_64-linux-gnu/libpthread-2.19.so
7f0a01766000-7f0a01767000 r--p 00018000 08:06 15209401                   /lib/x86_64-linux-gnu/libpthread-2.19.so
7f0a01767000-7f0a01768000 rw-p 00019000 08:06 15209401                   /lib/x86_64-linux-gnu/libpthread-2.19.so
7f0a01768000-7f0a0176c000 rw-p 00000000 00:00 0 
7f0a0176c000-7f0a0176f000 r-xp 00000000 08:06 15208636                   /lib/x86_64-linux-gnu/libdl-2.19.so
7f0a0176f000-7f0a0196e000 ---p 00003000 08:06 15208636                   /lib/x86_64-linux-gnu/libdl-2.19.so
7f0a0196e000-7f0a0196f000 r--p 00002000 08:06 15208636                   /lib/x86_64-linux-gnu/libdl-2.19.so
7f0a0196f000-7f0a01970000 rw-p 00003000 08:06 15208636                   /lib/x86_64-linux-gnu/libdl-2.19.so
7f0a01970000-7f0a01b2b000 r-xp 00000000 08:06 15209409                   /lib/x86_64-linux-gnu/libc-2.19.so
7f0a01b2b000-7f0a01d2a000 ---p 001bb000 08:06 15209409                   /lib/x86_64-linux-gnu/libc-2.19.so
7f0a01d2a000-7f0a01d2e000 r--p 001ba000 08:06 15209409                   /lib/x86_64-linux-gnu/libc-2.19.so
7f0a01d2e000-7f0a01d30000 rw-p 001be000 08:06 15209409                   /lib/x86_64-linux-gnu/libc-2.19.so
7f0a01d30000-7f0a01d35000 rw-p 00000000 00:00 0 
7f0a01d35000-7f0a01d42000 r-xp 00000000 08:06 11797654                   /usr/lib/jvm/java-7-openjdk-amd64/jre/lib/amd64/jli/libjli.so
7f0a01d42000-7f0a01f41000 ---p 0000d000 08:06 11797654                   /usr/lib/jvm/java-7-openjdk-amd64/jre/lib/amd64/jli/libjli.so
7f0a01f41000-7f0a01f42000 r--p 0000c000 08:06 11797654                   /usr/lib/jvm/java-7-openjdk-amd64/jre/lib/amd64/jli/libjli.so
7f0a01f42000-7f0a01f43000 rw-p 0000d000 08:06 11797654                   /usr/lib/jvm/java-7-openjdk-amd64/jre/lib/amd64/jli/libjli.so
7f0a01f43000-7f0a01f66000 r-xp 00000000 08:06 15209402                   /lib/x86_64-linux-gnu/ld-2.19.so
7f0a01f7a000-7f0a01f84000 rw-p 00000000 00:00 0 
7f0a01f84000-7f0a0203a000 rw-p 00000000 00:00 0 
7f0a0203a000-7f0a0203d000 ---p 00000000 00:00 0 
7f0a0203d000-7f0a02140000 rw-p 00000000 00:00 0                          [stack:30012]
7f0a02143000-7f0a02145000 rw-p 00000000 00:00 0 
7f0a02145000-7f0a02149000 r--s 00034000 08:06 11682020                   /usr/lib/jvm/java-7-openjdk-amd64/jre/lib/ext/sunjce_provider.jar
7f0a02149000-7f0a0214a000 r--s 00002000 08:06 11682023                   /usr/lib/jvm/java-7-openjdk-amd64/jre/lib/ext/dnsns.jar
7f0a0214a000-7f0a0214e000 r--s 0003c000 08:06 11682022                   /usr/lib/jvm/java-7-openjdk-amd64/jre/lib/ext/sunpkcs11.jar
7f0a0214e000-7f0a02150000 r--s 00006000 08:06 12064040                   /usr/share/java/java-atk-wrapper.jar
7f0a02150000-7f0a02153000 r--s 0000f000 08:06 11682024                   /usr/lib/jvm/java-7-openjdk-amd64/jre/lib/ext/icedtea-sound.jar
7f0a02153000-7f0a02155000 r--s 00012000 08:06 11682021                   /usr/lib/jvm/java-7-openjdk-amd64/jre/lib/ext/zipfs.jar
7f0a02155000-7f0a02159000 r--s 00085000 08:06 11682019                   /usr/lib/jvm/java-7-openjdk-amd64/jre/lib/ext/localedata.jar
7f0a02159000-7f0a02161000 rw-s 00000000 08:06 10749643                   /tmp/hsperfdata_dimple/30006
7f0a02161000-7f0a02162000 rw-p 00000000 00:00 0 
7f0a02162000-7f0a02163000 r--p 00000000 00:00 0 
7f0a02163000-7f0a02165000 rw-p 00000000 00:00 0 
7f0a02165000-7f0a02166000 r--p 00022000 08:06 15209402                   /lib/x86_64-linux-gnu/ld-2.19.so
7f0a02166000-7f0a02167000 rw-p 00023000 08:06 15209402                   /lib/x86_64-linux-gnu/ld-2.19.so
7f0a02167000-7f0a02168000 rw-p 00000000 00:00 0 
7fff39432000-7fff39453000 rw-p 00000000 00:00 0                          [stack]
7fff3945e000-7fff39460000 r--p 00000000 00:00 0                          [vvar]
7fff39460000-7fff39462000 r-xp 00000000 00:00 0                          [vdso]
ffffffffff600000-ffffffffff601000 r-xp 00000000 00:00 0                  [vsyscall]

VM Arguments:
jvm_args: -agentlib:jdwp=transport=dt_socket,suspend=y,address=localhost:35021 -Dfile.encoding=UTF-8 
java_command: randomwriter.RandomWriter
Launcher Type: SUN_STANDARD

Environment Variables:
PATH=/home/dimple/.pyenv/plugins/pyenv-virtualenv/shims:/home/dimple/.pyenv/libexec:/home/dimple/.pyenv/plugins/pyenv-doctor/bin:/home/dimple/.pyenv/plugins/pyenv-installer/bin:/home/dimple/.pyenv/plugins/pyenv-update/bin:/home/dimple/.pyenv/plugins/pyenv-virtualenv/bin:/home/dimple/.pyenv/plugins/python-build/bin:/home/dimple/.pyenv/shims:/home/dimple/.pyenv/bin:/home/dimple/bin:/usr/local/sbin:/usr/local/bin:/usr/sbin:/usr/bin:/sbin:/bin:/usr/games:/usr/local/games:/home/dimple/bin
SHELL=/bin/bash
DISPLAY=:0

Signal Handlers:
SIGSEGV: [libjvm.so+0x955bc0], sa_mask[0]=0x7ffbfeff, sa_flags=0x10000004
SIGBUS: [libjvm.so+0x955bc0], sa_mask[0]=0x7ffbfeff, sa_flags=0x10000004
SIGFPE: [libjvm.so+0x7caff0], sa_mask[0]=0x7ffbfeff, sa_flags=0x10000004
SIGPIPE: [libjvm.so+0x7caff0], sa_mask[0]=0x7ffbfeff, sa_flags=0x10000004
SIGXFSZ: [libjvm.so+0x7caff0], sa_mask[0]=0x7ffbfeff, sa_flags=0x10000004
SIGILL: [libjvm.so+0x7caff0], sa_mask[0]=0x7ffbfeff, sa_flags=0x10000004
SIGUSR1: SIG_DFL, sa_mask[0]=0x00000000, sa_flags=0x00000000
SIGUSR2: [libjvm.so+0x7cae90], sa_mask[0]=0x00000004, sa_flags=0x10000004
SIGHUP: [libjvm.so+0x7cb070], sa_mask[0]=0x7ffbfeff, sa_flags=0x10000004
SIGINT: [libjvm.so+0x7cb070], sa_mask[0]=0x7ffbfeff, sa_flags=0x10000004
SIGTERM: [libjvm.so+0x7cb070], sa_mask[0]=0x7ffbfeff, sa_flags=0x10000004
SIGQUIT: [libjvm.so+0x7cb070], sa_mask[0]=0x7ffbfeff, sa_flags=0x10000004
SIGTRAP: SIG_DFL, sa_mask[0]=0x00000000, sa_flags=0x00000000


---------------  S Y S T E M  ---------------

OS:Ubuntu 14.04 (trusty)
uname:Linux 3.19.0-49-generic #55~14.04.1-Ubuntu SMP Fri Jan 22 11:24:31 UTC 2016 x86_64
libc:glibc 2.19 NPTL 2.19 
rlimit: STACK 8192k, CORE 0k, NPROC 63389, NOFILE 4096, AS infinity
load average:0.59 0.66 0.53

/proc/meminfo:
MemTotal:       16299016 kB
MemFree:         9025764 kB
MemAvailable:   12253072 kB
Buffers:          375732 kB
Cached:          3497220 kB
SwapCached:            0 kB
Active:          4436624 kB
Inactive:        2297780 kB
Active(anon):    2863828 kB
Inactive(anon):   711468 kB
Active(file):    1572796 kB
Inactive(file):  1586312 kB
Unevictable:         924 kB
Mlocked:             924 kB
SwapTotal:      16643068 kB
SwapFree:       16643068 kB
Dirty:              5760 kB
Writeback:           388 kB
AnonPages:       2862524 kB
Mapped:           667740 kB
Shmem:            713848 kB
Slab:             372580 kB
SReclaimable:     321604 kB
SUnreclaim:        50976 kB
KernelStack:       13760 kB
PageTables:        56164 kB
NFS_Unstable:          0 kB
Bounce:                0 kB
WritebackTmp:          0 kB
CommitLimit:    24792576 kB
Committed_AS:   11881744 kB
VmallocTotal:   34359738367 kB
VmallocUsed:      580608 kB
VmallocChunk:   34359100540 kB
HardwareCorrupted:     0 kB
AnonHugePages:   1126400 kB
CmaTotal:              0 kB
CmaFree:               0 kB
HugePages_Total:       0
HugePages_Free:        0
HugePages_Rsvd:        0
HugePages_Surp:        0
Hugepagesize:       2048 kB
DirectMap4k:      224528 kB
DirectMap2M:    10127360 kB
DirectMap1G:     6291456 kB


CPU:total 8 (4 cores per cpu, 2 threads per core) family 6 model 94 stepping 3, cmov, cx8, fxsr, mmx, sse, sse2, sse3, ssse3, sse4.1, sse4.2, popcnt, avx, avx2, aes, erms, ht, tsc, tscinvbit

/proc/cpuinfo:
processor	: 0
vendor_id	: GenuineIntel
cpu family	: 6
model		: 94
model name	: Intel(R) Core(TM) i7-6700HQ CPU @ 2.60GHz
stepping	: 3
microcode	: 0x33
cpu MHz		: 900.000
cache size	: 6144 KB
physical id	: 0
siblings	: 8
core id		: 0
cpu cores	: 4
apicid		: 0
initial apicid	: 0
fpu		: yes
fpu_exception	: yes
cpuid level	: 22
wp		: yes
flags		: fpu vme de pse tsc msr pae mce cx8 apic sep mtrr pge mca cmov pat pse36 clflush dts acpi mmx fxsr sse sse2 ss ht tm pbe syscall nx pdpe1gb rdtscp lm constant_tsc arch_perfmon pebs bts rep_good nopl xtopology nonstop_tsc aperfmperf eagerfpu pni pclmulqdq dtes64 monitor ds_cpl vmx est tm2 ssse3 fma cx16 xtpr pdcm pcid sse4_1 sse4_2 x2apic movbe popcnt tsc_deadline_timer aes xsave avx f16c rdrand lahf_lm abm 3dnowprefetch ida arat epb pln pts dtherm hwp hwp_noitfy hwp_act_window hwp_epp tpr_shadow vnmi flexpriority ept vpid fsgsbase tsc_adjust bmi1 hle avx2 smep bmi2 erms invpcid rtm mpx rdseed adx smap clflushopt xsaveopt xsavec xgetbv1
bugs		:
bogomips	: 5181.71
clflush size	: 64
cache_alignment	: 64
address sizes	: 39 bits physical, 48 bits virtual
power management:

processor	: 1
vendor_id	: GenuineIntel
cpu family	: 6
model		: 94
model name	: Intel(R) Core(TM) i7-6700HQ CPU @ 2.60GHz
stepping	: 3
microcode	: 0x33
cpu MHz		: 1600.000
cache size	: 6144 KB
physical id	: 0
siblings	: 8
core id		: 1
cpu cores	: 4
apicid		: 2
initial apicid	: 2
fpu		: yes
fpu_exception	: yes
cpuid level	: 22
wp		: yes
flags		: fpu vme de pse tsc msr pae mce cx8 apic sep mtrr pge mca cmov pat pse36 clflush dts acpi mmx fxsr sse sse2 ss ht tm pbe syscall nx pdpe1gb rdtscp lm constant_tsc arch_perfmon pebs bts rep_good nopl xtopology nonstop_tsc aperfmperf eagerfpu pni pclmulqdq dtes64 monitor ds_cpl vmx est tm2 ssse3 fma cx16 xtpr pdcm pcid sse4_1 sse4_2 x2apic movbe popcnt tsc_deadline_timer aes xsave avx f16c rdrand lahf_lm abm 3dnowprefetch ida arat epb pln pts dtherm hwp hwp_noitfy hwp_act_window hwp_epp tpr_shadow vnmi flexpriority ept vpid fsgsbase tsc_adjust bmi1 hle avx2 smep bmi2 erms invpcid rtm mpx rdseed adx smap clflushopt xsaveopt xsavec xgetbv1
bugs		:
bogomips	: 5181.71
clflush size	: 64
cache_alignment	: 64
address sizes	: 39 bits physical, 48 bits virtual
power management:

processor	: 2
vendor_id	: GenuineIntel
cpu family	: 6
model		: 94
model name	: Intel(R) Core(TM) i7-6700HQ CPU @ 2.60GHz
stepping	: 3
microcode	: 0x33
cpu MHz		: 900.000
cache size	: 6144 KB
physical id	: 0
siblings	: 8
core id		: 2
cpu cores	: 4
apicid		: 4
initial apicid	: 4
fpu		: yes
fpu_exception	: yes
cpuid level	: 22
wp		: yes
flags		: fpu vme de pse tsc msr pae mce cx8 apic sep mtrr pge mca cmov pat pse36 clflush dts acpi mmx fxsr sse sse2 ss ht tm pbe syscall nx pdpe1gb rdtscp lm constant_tsc arch_perfmon pebs bts rep_good nopl xtopology nonstop_tsc aperfmperf eagerfpu pni pclmulqdq dtes64 monitor ds_cpl vmx est tm2 ssse3 fma cx16 xtpr pdcm pcid sse4_1 sse4_2 x2apic movbe popcnt tsc_deadline_timer aes xsave avx f16c rdrand lahf_lm abm 3dnowprefetch ida arat epb pln pts dtherm hwp hwp_noitfy hwp_act_window hwp_epp tpr_shadow vnmi flexpriority ept vpid fsgsbase tsc_adjust bmi1 hle avx2 smep bmi2 erms invpcid rtm mpx rdseed adx smap clflushopt xsaveopt xsavec xgetbv1
bugs		:
bogomips	: 5181.71
clflush size	: 64
cache_alignment	: 64
address sizes	: 39 bits physical, 48 bits virtual
power management:

processor	: 3
vendor_id	: GenuineIntel
cpu family	: 6
model		: 94
model name	: Intel(R) Core(TM) i7-6700HQ CPU @ 2.60GHz
stepping	: 3
microcode	: 0x33
cpu MHz		: 1400.000
cache size	: 6144 KB
physical id	: 0
siblings	: 8
core id		: 3
cpu cores	: 4
apicid		: 6
initial apicid	: 6
fpu		: yes
fpu_exception	: yes
cpuid level	: 22
wp		: yes
flags		: fpu vme de pse tsc msr pae mce cx8 apic sep mtrr pge mca cmov pat pse36 clflush dts acpi mmx fxsr sse sse2 ss ht tm pbe syscall nx pdpe1gb rdtscp lm constant_tsc arch_perfmon pebs bts rep_good nopl xtopology nonstop_tsc aperfmperf eagerfpu pni pclmulqdq dtes64 monitor ds_cpl vmx est tm2 ssse3 fma cx16 xtpr pdcm pcid sse4_1 sse4_2 x2apic movbe popcnt tsc_deadline_timer aes xsave avx f16c rdrand lahf_lm abm 3dnowprefetch ida arat epb pln pts dtherm hwp hwp_noitfy hwp_act_window hwp_epp tpr_shadow vnmi flexpriority ept vpid fsgsbase tsc_adjust bmi1 hle avx2 smep bmi2 erms invpcid rtm mpx rdseed adx smap clflushopt xsaveopt xsavec xgetbv1
bugs		:
bogomips	: 5181.71
clflush size	: 64
cache_alignment	: 64
address sizes	: 39 bits physical, 48 bits virtual
power management:

processor	: 4
vendor_id	: GenuineIntel
cpu family	: 6
model		: 94
model name	: Intel(R) Core(TM) i7-6700HQ CPU @ 2.60GHz
stepping	: 3
microcode	: 0x33
cpu MHz		: 900.000
cache size	: 6144 KB
physical id	: 0
siblings	: 8
core id		: 0
cpu cores	: 4
apicid		: 1
initial apicid	: 1
fpu		: yes
fpu_exception	: yes
cpuid level	: 22
wp		: yes
flags		: fpu vme de pse tsc msr pae mce cx8 apic sep mtrr pge mca cmov pat pse36 clflush dts acpi mmx fxsr sse sse2 ss ht tm pbe syscall nx pdpe1gb rdtscp lm constant_tsc arch_perfmon pebs bts rep_good nopl xtopology nonstop_tsc aperfmperf eagerfpu pni pclmulqdq dtes64 monitor ds_cpl vmx est tm2 ssse3 fma cx16 xtpr pdcm pcid sse4_1 sse4_2 x2apic movbe popcnt tsc_deadline_timer aes xsave avx f16c rdrand lahf_lm abm 3dnowprefetch ida arat epb pln pts dtherm hwp hwp_noitfy hwp_act_window hwp_epp tpr_shadow vnmi flexpriority ept vpid fsgsbase tsc_adjust bmi1 hle avx2 smep bmi2 erms invpcid rtm mpx rdseed adx smap clflushopt xsaveopt xsavec xgetbv1
bugs		:
bogomips	: 5181.71
clflush size	: 64
cache_alignment	: 64
address sizes	: 39 bits physical, 48 bits virtual
power management:

processor	: 5
vendor_id	: GenuineIntel
cpu family	: 6
model		: 94
model name	: Intel(R) Core(TM) i7-6700HQ CPU @ 2.60GHz
stepping	: 3
microcode	: 0x33
cpu MHz		: 2200.000
cache size	: 6144 KB
physical id	: 0
siblings	: 8
core id		: 1
cpu cores	: 4
apicid		: 3
initial apicid	: 3
fpu		: yes
fpu_exception	: yes
cpuid level	: 22
wp		: yes
flags		: fpu vme de pse tsc msr pae mce cx8 apic sep mtrr pge mca cmov pat pse36 clflush dts acpi mmx fxsr sse sse2 ss ht tm pbe syscall nx pdpe1gb rdtscp lm constant_tsc arch_perfmon pebs bts rep_good nopl xtopology nonstop_tsc aperfmperf eagerfpu pni pclmulqdq dtes64 monitor ds_cpl vmx est tm2 ssse3 fma cx16 xtpr pdcm pcid sse4_1 sse4_2 x2apic movbe popcnt tsc_deadline_timer aes xsave avx f16c rdrand lahf_lm abm 3dnowprefetch ida arat epb pln pts dtherm hwp hwp_noitfy hwp_act_window hwp_epp tpr_shadow vnmi flexpriority ept vpid fsgsbase tsc_adjust bmi1 hle avx2 smep bmi2 erms invpcid rtm mpx rdseed adx smap clflushopt xsaveopt xsavec xgetbv1
bugs		:
bogomips	: 5181.71
clflush size	: 64
cache_alignment	: 64
address sizes	: 39 bits physical, 48 bits virtual
power management:

processor	: 6
vendor_id	: GenuineIntel
cpu family	: 6
model		: 94
model name	: Intel(R) Core(TM) i7-6700HQ CPU @ 2.60GHz
stepping	: 3
microcode	: 0x33
cpu MHz		: 900.000
cache size	: 6144 KB
physical id	: 0
siblings	: 8
core id		: 2
cpu cores	: 4
apicid		: 5
initial apicid	: 5
fpu		: yes
fpu_exception	: yes
cpuid level	: 22
wp		: yes
flags		: fpu vme de pse tsc msr pae mce cx8 apic sep mtrr pge mca cmov pat pse36 clflush dts acpi mmx fxsr sse sse2 ss ht tm pbe syscall nx pdpe1gb rdtscp lm constant_tsc arch_perfmon pebs bts rep_good nopl xtopology nonstop_tsc aperfmperf eagerfpu pni pclmulqdq dtes64 monitor ds_cpl vmx est tm2 ssse3 fma cx16 xtpr pdcm pcid sse4_1 sse4_2 x2apic movbe popcnt tsc_deadline_timer aes xsave avx f16c rdrand lahf_lm abm 3dnowprefetch ida arat epb pln pts dtherm hwp hwp_noitfy hwp_act_window hwp_epp tpr_shadow vnmi flexpriority ept vpid fsgsbase tsc_adjust bmi1 hle avx2 smep bmi2 erms invpcid rtm mpx rdseed adx smap clflushopt xsaveopt xsavec xgetbv1
bugs		:
bogomips	: 5181.71
clflush size	: 64
cache_alignment	: 64
address sizes	: 39 bits physical, 48 bits virtual
power management:

processor	: 7
vendor_id	: GenuineIntel
cpu family	: 6
model		: 94
model name	: Intel(R) Core(TM) i7-6700HQ CPU @ 2.60GHz
stepping	: 3
microcode	: 0x33
cpu MHz		: 900.000
cache size	: 6144 KB
physical id	: 0
siblings	: 8
core id		: 3
cpu cores	: 4
apicid		: 7
initial apicid	: 7
fpu		: yes
fpu_exception	: yes
cpuid level	: 22
wp		: yes
flags		: fpu vme de pse tsc msr pae mce cx8 apic sep mtrr pge mca cmov pat pse36 clflush dts acpi mmx fxsr sse sse2 ss ht tm pbe syscall nx pdpe1gb rdtscp lm constant_tsc arch_perfmon pebs bts rep_good nopl xtopology nonstop_tsc aperfmperf eagerfpu pni pclmulqdq dtes64 monitor ds_cpl vmx est tm2 ssse3 fma cx16 xtpr pdcm pcid sse4_1 sse4_2 x2apic movbe popcnt tsc_deadline_timer aes xsave avx f16c rdrand lahf_lm abm 3dnowprefetch ida arat epb pln pts dtherm hwp hwp_noitfy hwp_act_window hwp_epp tpr_shadow vnmi flexpriority ept vpid fsgsbase tsc_adjust bmi1 hle avx2 smep bmi2 erms invpcid rtm mpx rdseed adx smap clflushopt xsaveopt xsavec xgetbv1
bugs		:
bogomips	: 5181.71
clflush size	: 64
cache_alignment	: 64
address sizes	: 39 bits physical, 48 bits virtual
power management:



Memory: 4k page, physical 16299016k(9025764k free), swap 16643068k(16643068k free)

vm_info: OpenJDK 64-Bit Server VM (24.95-b01) for linux-amd64 JRE (1.7.0_95-b00), built on Jan 21 2016 03:31:40 by "buildd" with gcc 4.8.4

time: Fri Feb 19 13:35:58 2016
elapsed time: 70966 seconds

